<?xml version="1.0" encoding="UTF-8"?>
<robot generator="Robot 5.0.1 (Python 3.10.5 on win32)" generated="20220821 15:03:56.708" rpa="false" schemaversion="3">
<suite id="s1" name="Buying Item From Shopping Cart" source="C:\Users\bochk\Desktop\My GIT\robot\test_cases\buying_item_from_shopping_cart.robot">
<test id="s1-t1" name="Тест-кейсы для проверки работоспособности взаимодейвия с корзиной" line="12">
<kw name="open browser and maximize" library="resources" type="SETUP">
<arg>${url}</arg>
<arg>${browser}</arg>
<kw name="Open Browser" library="SeleniumLibrary">
<arg>${UserUrl}</arg>
<arg>${BrouserName}</arg>
<doc>Opens a new browser instance to the optional ``url``.</doc>
<msg timestamp="20220821 15:03:56.891" level="INFO">Opening browser 'Chrome' to base url 'https://www.saucedemo.com/'.</msg>
<status status="PASS" starttime="20220821 15:03:56.891" endtime="20220821 15:04:00.214"/>
</kw>
<kw name="Maximize Browser Window" library="SeleniumLibrary">
<doc>Maximizes current browser window.</doc>
<status status="PASS" starttime="20220821 15:04:00.215" endtime="20220821 15:04:00.332"/>
</kw>
<kw name="Log" library="BuiltIn">
<arg>BrouserName:${BrouserName}</arg>
<doc>Logs the given message with the given level.</doc>
<msg timestamp="20220821 15:04:00.333" level="INFO">BrouserName:Chrome</msg>
<status status="PASS" starttime="20220821 15:04:00.332" endtime="20220821 15:04:00.333"/>
</kw>
<kw name="Log" library="BuiltIn">
<arg>url:${UserUrl}</arg>
<doc>Logs the given message with the given level.</doc>
<msg timestamp="20220821 15:04:00.333" level="INFO">url:https://www.saucedemo.com/</msg>
<status status="PASS" starttime="20220821 15:04:00.333" endtime="20220821 15:04:00.333"/>
</kw>
<status status="PASS" starttime="20220821 15:03:56.890" endtime="20220821 15:04:00.333"/>
</kw>
<kw name="Login To Window" library="resources">
<arg>${standard_user}</arg>
<arg>${Password}</arg>
<kw name="Input Text" library="SeleniumLibrary">
<arg>id:user-name</arg>
<arg>${User}</arg>
<doc>Types the given ``text`` into the text field identified by ``locator``.</doc>
<msg timestamp="20220821 15:04:00.335" level="INFO">Typing text 'standard_user' into text field 'id:user-name'.</msg>
<status status="PASS" starttime="20220821 15:04:00.334" endtime="20220821 15:04:00.432"/>
</kw>
<kw name="Sleep" library="BuiltIn">
<arg>2</arg>
<doc>Pauses the test executed for the given time.</doc>
<msg timestamp="20220821 15:04:02.448" level="INFO">Slept 2 seconds</msg>
<status status="PASS" starttime="20220821 15:04:00.432" endtime="20220821 15:04:02.448"/>
</kw>
<kw name="Input Text" library="SeleniumLibrary">
<arg>name:password</arg>
<arg>${Password}</arg>
<doc>Types the given ``text`` into the text field identified by ``locator``.</doc>
<msg timestamp="20220821 15:04:02.448" level="INFO">Typing text 'secret_sauce' into text field 'name:password'.</msg>
<status status="PASS" starttime="20220821 15:04:02.448" endtime="20220821 15:04:02.504"/>
</kw>
<kw name="Sleep" library="BuiltIn">
<arg>2</arg>
<doc>Pauses the test executed for the given time.</doc>
<msg timestamp="20220821 15:04:04.504" level="INFO">Slept 2 seconds</msg>
<status status="PASS" starttime="20220821 15:04:02.504" endtime="20220821 15:04:04.504"/>
</kw>
<kw name="Click Button" library="SeleniumLibrary">
<arg>id:login-button</arg>
<doc>Clicks the button identified by ``locator``.</doc>
<msg timestamp="20220821 15:04:04.504" level="INFO">Clicking button 'id:login-button'.</msg>
<status status="PASS" starttime="20220821 15:04:04.504" endtime="20220821 15:04:04.606"/>
</kw>
<kw name="Sleep" library="BuiltIn">
<arg>2</arg>
<doc>Pauses the test executed for the given time.</doc>
<msg timestamp="20220821 15:04:06.617" level="INFO">Slept 2 seconds</msg>
<status status="PASS" starttime="20220821 15:04:04.606" endtime="20220821 15:04:06.617"/>
</kw>
<kw name="Page Should Not Contain Element" library="SeleniumLibrary">
<arg>class:error-message-container</arg>
<doc>Verifies that element ``locator`` is not found on the current page.</doc>
<msg timestamp="20220821 15:04:06.626" level="INFO">Current page does not contain element 'class:error-message-container'.</msg>
<status status="PASS" starttime="20220821 15:04:06.617" endtime="20220821 15:04:06.626"/>
</kw>
<kw name="Element Should Contain" library="SeleniumLibrary">
<arg>class:footer_copy</arg>
<arg>© 2022 Sauce Labs. All Rights Reserved. Terms of Service | Privacy Policy</arg>
<doc>Verifies that element ``locator`` contains text ``expected``.</doc>
<msg timestamp="20220821 15:04:06.645" level="INFO">Element 'class:footer_copy' contains text '© 2022 Sauce Labs. All Rights Reserved. Terms of Service | Privacy Policy'.</msg>
<status status="PASS" starttime="20220821 15:04:06.627" endtime="20220821 15:04:06.645"/>
</kw>
<status status="PASS" starttime="20220821 15:04:00.334" endtime="20220821 15:04:06.645"/>
</kw>
<kw name="Sleep" library="BuiltIn">
<arg>1</arg>
<doc>Pauses the test executed for the given time.</doc>
<msg timestamp="20220821 15:04:07.659" level="INFO">Slept 1 second</msg>
<status status="PASS" starttime="20220821 15:04:06.645" endtime="20220821 15:04:07.659"/>
</kw>
<kw name="Click Button" library="SeleniumLibrary">
<arg>id:add-to-cart-sauce-labs-bike-light</arg>
<doc>Clicks the button identified by ``locator``.</doc>
<msg timestamp="20220821 15:04:07.659" level="INFO">Clicking button 'id:add-to-cart-sauce-labs-bike-light'.</msg>
<status status="PASS" starttime="20220821 15:04:07.659" endtime="20220821 15:04:07.695"/>
</kw>
<kw name="Sleep" library="BuiltIn">
<arg>1</arg>
<doc>Pauses the test executed for the given time.</doc>
<msg timestamp="20220821 15:04:08.701" level="INFO">Slept 1 second</msg>
<status status="PASS" starttime="20220821 15:04:07.695" endtime="20220821 15:04:08.701"/>
</kw>
<kw name="Click Element" library="SeleniumLibrary">
<arg>xpath://a[@class="shopping_cart_link"]</arg>
<doc>Click the element identified by ``locator``.</doc>
<msg timestamp="20220821 15:04:08.701" level="INFO">Clicking element 'xpath://a[@class="shopping_cart_link"]'.</msg>
<status status="PASS" starttime="20220821 15:04:08.701" endtime="20220821 15:04:08.737"/>
</kw>
<kw name="Sleep" library="BuiltIn">
<arg>1</arg>
<doc>Pauses the test executed for the given time.</doc>
<msg timestamp="20220821 15:04:09.745" level="INFO">Slept 1 second</msg>
<status status="PASS" starttime="20220821 15:04:08.737" endtime="20220821 15:04:09.745"/>
</kw>
<kw name="Click Button" library="SeleniumLibrary">
<arg>id: checkout</arg>
<doc>Clicks the button identified by ``locator``.</doc>
<msg timestamp="20220821 15:04:09.746" level="INFO">Clicking button 'id: checkout'.</msg>
<status status="PASS" starttime="20220821 15:04:09.745" endtime="20220821 15:04:09.842"/>
</kw>
<kw name="Sleep" library="BuiltIn">
<arg>1</arg>
<doc>Pauses the test executed for the given time.</doc>
<msg timestamp="20220821 15:04:10.855" level="INFO">Slept 1 second</msg>
<status status="PASS" starttime="20220821 15:04:09.843" endtime="20220821 15:04:10.855"/>
</kw>
<kw name="Wait Until Element Is Visible" library="SeleniumLibrary">
<arg>xpath: //span[@class="title"]</arg>
<doc>Waits until the element ``locator`` is visible.</doc>
<status status="PASS" starttime="20220821 15:04:10.855" endtime="20220821 15:04:10.876"/>
</kw>
<kw name="Sleep" library="BuiltIn">
<arg>1</arg>
<doc>Pauses the test executed for the given time.</doc>
<msg timestamp="20220821 15:04:11.883" level="INFO">Slept 1 second</msg>
<status status="PASS" starttime="20220821 15:04:10.876" endtime="20220821 15:04:11.883"/>
</kw>
<kw name="Input Text" library="SeleniumLibrary">
<arg>id:first-name</arg>
<arg>Тест_имя</arg>
<doc>Types the given ``text`` into the text field identified by ``locator``.</doc>
<msg timestamp="20220821 15:04:11.885" level="INFO">Typing text 'Тест_имя' into text field 'id:first-name'.</msg>
<status status="PASS" starttime="20220821 15:04:11.884" endtime="20220821 15:04:11.956"/>
</kw>
<kw name="Sleep" library="BuiltIn">
<arg>1</arg>
<doc>Pauses the test executed for the given time.</doc>
<msg timestamp="20220821 15:04:12.957" level="INFO">Slept 1 second</msg>
<status status="PASS" starttime="20220821 15:04:11.956" endtime="20220821 15:04:12.957"/>
</kw>
<kw name="Input Text" library="SeleniumLibrary">
<arg>id:last-name</arg>
<arg>Тест_фамилия</arg>
<doc>Types the given ``text`` into the text field identified by ``locator``.</doc>
<msg timestamp="20220821 15:04:12.959" level="INFO">Typing text 'Тест_фамилия' into text field 'id:last-name'.</msg>
<status status="PASS" starttime="20220821 15:04:12.958" endtime="20220821 15:04:13.025"/>
</kw>
<kw name="Sleep" library="BuiltIn">
<arg>1</arg>
<doc>Pauses the test executed for the given time.</doc>
<msg timestamp="20220821 15:04:14.033" level="INFO">Slept 1 second</msg>
<status status="PASS" starttime="20220821 15:04:13.025" endtime="20220821 15:04:14.033"/>
</kw>
<kw name="Input Text" library="SeleniumLibrary">
<arg>id:postal-code</arg>
<arg>31400</arg>
<doc>Types the given ``text`` into the text field identified by ``locator``.</doc>
<msg timestamp="20220821 15:04:14.033" level="INFO">Typing text '31400' into text field 'id:postal-code'.</msg>
<status status="PASS" starttime="20220821 15:04:14.033" endtime="20220821 15:04:14.096"/>
</kw>
<kw name="Sleep" library="BuiltIn">
<arg>1</arg>
<doc>Pauses the test executed for the given time.</doc>
<msg timestamp="20220821 15:04:15.104" level="INFO">Slept 1 second</msg>
<status status="PASS" starttime="20220821 15:04:14.096" endtime="20220821 15:04:15.104"/>
</kw>
<kw name="Click Button" library="SeleniumLibrary">
<arg>id:continue</arg>
<doc>Clicks the button identified by ``locator``.</doc>
<msg timestamp="20220821 15:04:15.105" level="INFO">Clicking button 'id:continue'.</msg>
<status status="PASS" starttime="20220821 15:04:15.105" endtime="20220821 15:04:15.152"/>
</kw>
<kw name="Sleep" library="BuiltIn">
<arg>1</arg>
<doc>Pauses the test executed for the given time.</doc>
<msg timestamp="20220821 15:04:16.168" level="INFO">Slept 1 second</msg>
<status status="PASS" starttime="20220821 15:04:15.152" endtime="20220821 15:04:16.168"/>
</kw>
<kw name="Wait Until Element Is Visible" library="SeleniumLibrary">
<arg>xpath: //span[@class="title"]</arg>
<doc>Waits until the element ``locator`` is visible.</doc>
<status status="PASS" starttime="20220821 15:04:16.168" endtime="20220821 15:04:16.181"/>
</kw>
<kw name="Sleep" library="BuiltIn">
<arg>1</arg>
<doc>Pauses the test executed for the given time.</doc>
<msg timestamp="20220821 15:04:17.182" level="INFO">Slept 1 second</msg>
<status status="PASS" starttime="20220821 15:04:16.181" endtime="20220821 15:04:17.182"/>
</kw>
<kw name="Wait Until Element Is Visible" library="SeleniumLibrary">
<arg>xpath: //div[@class="summary_info"]/div[1]</arg>
<doc>Waits until the element ``locator`` is visible.</doc>
<status status="PASS" starttime="20220821 15:04:17.182" endtime="20220821 15:04:17.194"/>
</kw>
<kw name="Sleep" library="BuiltIn">
<arg>1</arg>
<doc>Pauses the test executed for the given time.</doc>
<msg timestamp="20220821 15:04:18.206" level="INFO">Slept 1 second</msg>
<status status="PASS" starttime="20220821 15:04:17.195" endtime="20220821 15:04:18.206"/>
</kw>
<kw name="Wait Until Element Is Visible" library="SeleniumLibrary">
<arg>xpath: //div[@class="summary_info"]/div[2]</arg>
<doc>Waits until the element ``locator`` is visible.</doc>
<status status="PASS" starttime="20220821 15:04:18.207" endtime="20220821 15:04:18.220"/>
</kw>
<kw name="Sleep" library="BuiltIn">
<arg>1</arg>
<doc>Pauses the test executed for the given time.</doc>
<msg timestamp="20220821 15:04:19.232" level="INFO">Slept 1 second</msg>
<status status="PASS" starttime="20220821 15:04:18.220" endtime="20220821 15:04:19.232"/>
</kw>
<kw name="Wait Until Element Is Visible" library="SeleniumLibrary">
<arg>xpath: //div[@class="summary_info"]/div[3]</arg>
<doc>Waits until the element ``locator`` is visible.</doc>
<status status="PASS" starttime="20220821 15:04:19.232" endtime="20220821 15:04:19.246"/>
</kw>
<kw name="Sleep" library="BuiltIn">
<arg>1</arg>
<doc>Pauses the test executed for the given time.</doc>
<msg timestamp="20220821 15:04:20.254" level="INFO">Slept 1 second</msg>
<status status="PASS" starttime="20220821 15:04:19.246" endtime="20220821 15:04:20.254"/>
</kw>
<kw name="Click Button" library="SeleniumLibrary">
<arg>id:finish</arg>
<doc>Clicks the button identified by ``locator``.</doc>
<msg timestamp="20220821 15:04:20.255" level="INFO">Clicking button 'id:finish'.</msg>
<status status="PASS" starttime="20220821 15:04:20.255" endtime="20220821 15:04:20.295"/>
</kw>
<kw name="Wait Until Element Is Visible" library="SeleniumLibrary">
<arg>xpath://img[@class="pony_express"]</arg>
<doc>Waits until the element ``locator`` is visible.</doc>
<status status="PASS" starttime="20220821 15:04:20.295" endtime="20220821 15:04:20.311"/>
</kw>
<kw name="Click Button" library="SeleniumLibrary">
<arg>id:back-to-products</arg>
<doc>Clicks the button identified by ``locator``.</doc>
<msg timestamp="20220821 15:04:20.311" level="INFO">Clicking button 'id:back-to-products'.</msg>
<status status="PASS" starttime="20220821 15:04:20.311" endtime="20220821 15:04:20.364"/>
</kw>
<kw name="Sleep" library="BuiltIn">
<arg>1</arg>
<doc>Pauses the test executed for the given time.</doc>
<status status="FAIL" starttime="20220821 15:04:20.364" endtime="20220821 15:04:20.479"/>
</kw>
<kw name="Close Browser" library="SeleniumLibrary" type="TEARDOWN">
<doc>Closes the current browser.</doc>
<errors>
<msg timestamp="20220821 15:04:26.586" level="ERROR">Execution stopped by user.</msg>
</errors>
</robot>
