<?xml version="1.0" encoding="UTF-8"?>
<robot generator="Robot 5.0.1 (Python 3.10.5 on win32)" generated="20220821 09:39:08.887" rpa="false" schemaversion="3">
<suite id="s1" name="Buying Item From Shopping Cart" source="C:\Users\bochk\Desktop\ТЕСТЫ\robot\test_cases\buying_item_from_shopping_cart.robot">
<test id="s1-t1" name="Тест-кейсы для проверки работоспособности взаимодейвия с корзиной" line="12">
<kw name="open browser and maximize" library="resources" type="SETUP">
<arg>${url}</arg>
<arg>${browser}</arg>
<kw name="Open Browser" library="SeleniumLibrary">
<arg>${UserUrl}</arg>
<arg>${BrouserName}</arg>
<doc>Opens a new browser instance to the optional ``url``.</doc>
<msg timestamp="20220821 09:39:09.068" level="INFO">Opening browser 'Chrome' to base url 'https://www.saucedemo.com/'.</msg>
<status status="PASS" starttime="20220821 09:39:09.067" endtime="20220821 09:39:10.751"/>
</kw>
<kw name="Maximize Browser Window" library="SeleniumLibrary">
<doc>Maximizes current browser window.</doc>
<status status="PASS" starttime="20220821 09:39:10.751" endtime="20220821 09:39:10.873"/>
</kw>
<kw name="Log" library="BuiltIn">
<arg>BrouserName:${BrouserName}</arg>
<doc>Logs the given message with the given level.</doc>
<msg timestamp="20220821 09:39:10.873" level="INFO">BrouserName:Chrome</msg>
<status status="PASS" starttime="20220821 09:39:10.873" endtime="20220821 09:39:10.874"/>
</kw>
<kw name="Log" library="BuiltIn">
<arg>url:${UserUrl}</arg>
<doc>Logs the given message with the given level.</doc>
<msg timestamp="20220821 09:39:10.874" level="INFO">url:https://www.saucedemo.com/</msg>
<status status="PASS" starttime="20220821 09:39:10.874" endtime="20220821 09:39:10.874"/>
</kw>
<status status="PASS" starttime="20220821 09:39:09.067" endtime="20220821 09:39:10.874"/>
</kw>
<kw name="Login To Window" library="resources">
<arg>${standard_user}</arg>
<arg>${Password}</arg>
<kw name="Input Text" library="SeleniumLibrary">
<arg>id:user-name</arg>
<arg>${User}</arg>
<doc>Types the given ``text`` into the text field identified by ``locator``.</doc>
<msg timestamp="20220821 09:39:10.876" level="INFO">Typing text 'standard_user' into text field 'id:user-name'.</msg>
<status status="PASS" starttime="20220821 09:39:10.875" endtime="20220821 09:39:10.967"/>
</kw>
<kw name="Sleep" library="BuiltIn">
<arg>2</arg>
<doc>Pauses the test executed for the given time.</doc>
<msg timestamp="20220821 09:39:12.980" level="INFO">Slept 2 seconds</msg>
<status status="PASS" starttime="20220821 09:39:10.967" endtime="20220821 09:39:12.980"/>
</kw>
<kw name="Input Text" library="SeleniumLibrary">
<arg>name:password</arg>
<arg>${Password}</arg>
<doc>Types the given ``text`` into the text field identified by ``locator``.</doc>
<msg timestamp="20220821 09:39:12.980" level="INFO">Typing text 'secret_sauce' into text field 'name:password'.</msg>
<status status="PASS" starttime="20220821 09:39:12.980" endtime="20220821 09:39:13.054"/>
</kw>
<kw name="Sleep" library="BuiltIn">
<arg>2</arg>
<doc>Pauses the test executed for the given time.</doc>
<msg timestamp="20220821 09:39:15.061" level="INFO">Slept 2 seconds</msg>
<status status="PASS" starttime="20220821 09:39:13.054" endtime="20220821 09:39:15.061"/>
</kw>
<kw name="Click Button" library="SeleniumLibrary">
<arg>id:login-button</arg>
<doc>Clicks the button identified by ``locator``.</doc>
<msg timestamp="20220821 09:39:15.061" level="INFO">Clicking button 'id:login-button'.</msg>
<status status="PASS" starttime="20220821 09:39:15.061" endtime="20220821 09:39:15.146"/>
</kw>
<kw name="Sleep" library="BuiltIn">
<arg>2</arg>
<doc>Pauses the test executed for the given time.</doc>
<msg timestamp="20220821 09:39:17.160" level="INFO">Slept 2 seconds</msg>
<status status="PASS" starttime="20220821 09:39:15.146" endtime="20220821 09:39:17.160"/>
</kw>
<kw name="Page Should Not Contain Element" library="SeleniumLibrary">
<arg>class:error-message-container</arg>
<doc>Verifies that element ``locator`` is not found on the current page.</doc>
<msg timestamp="20220821 09:39:17.169" level="INFO">Current page does not contain element 'class:error-message-container'.</msg>
<status status="PASS" starttime="20220821 09:39:17.160" endtime="20220821 09:39:17.169"/>
</kw>
<kw name="Element Should Contain" library="SeleniumLibrary">
<arg>class:footer_copy</arg>
<arg>© 2022 Sauce Labs. All Rights Reserved. Terms of Service | Privacy Policy</arg>
<doc>Verifies that element ``locator`` contains text ``expected``.</doc>
<msg timestamp="20220821 09:39:17.183" level="INFO">Element 'class:footer_copy' contains text '© 2022 Sauce Labs. All Rights Reserved. Terms of Service | Privacy Policy'.</msg>
<status status="PASS" starttime="20220821 09:39:17.169" endtime="20220821 09:39:17.183"/>
</kw>
<status status="PASS" starttime="20220821 09:39:10.874" endtime="20220821 09:39:17.183"/>
</kw>
<kw name="Sleep" library="BuiltIn">
<arg>1</arg>
<doc>Pauses the test executed for the given time.</doc>
<msg timestamp="20220821 09:39:18.195" level="INFO">Slept 1 second</msg>
<status status="PASS" starttime="20220821 09:39:17.183" endtime="20220821 09:39:18.195"/>
</kw>
<kw name="Click Button" library="SeleniumLibrary">
<arg>id:add-to-cart-sauce-labs-bike-light</arg>
<doc>Clicks the button identified by ``locator``.</doc>
<msg timestamp="20220821 09:39:18.197" level="INFO">Clicking button 'id:add-to-cart-sauce-labs-bike-light'.</msg>
<status status="PASS" starttime="20220821 09:39:18.196" endtime="20220821 09:39:18.239"/>
</kw>
<kw name="Sleep" library="BuiltIn">
<arg>1</arg>
<doc>Pauses the test executed for the given time.</doc>
<msg timestamp="20220821 09:39:19.248" level="INFO">Slept 1 second</msg>
<status status="PASS" starttime="20220821 09:39:18.239" endtime="20220821 09:39:19.248"/>
</kw>
<kw name="Click Element" library="SeleniumLibrary">
<arg>xpath://a[@class="shopping_cart_link"]</arg>
<doc>Click the element identified by ``locator``.</doc>
<msg timestamp="20220821 09:39:19.249" level="INFO">Clicking element 'xpath://a[@class="shopping_cart_link"]'.</msg>
<status status="PASS" starttime="20220821 09:39:19.249" endtime="20220821 09:39:19.287"/>
</kw>
<kw name="Sleep" library="BuiltIn">
<arg>1</arg>
<doc>Pauses the test executed for the given time.</doc>
<msg timestamp="20220821 09:39:20.291" level="INFO">Slept 1 second</msg>
<status status="PASS" starttime="20220821 09:39:19.288" endtime="20220821 09:39:20.291"/>
</kw>
<kw name="Click Button" library="SeleniumLibrary">
<arg>id: checkout</arg>
<doc>Clicks the button identified by ``locator``.</doc>
<msg timestamp="20220821 09:39:20.292" level="INFO">Clicking button 'id: checkout'.</msg>
<status status="PASS" starttime="20220821 09:39:20.291" endtime="20220821 09:39:20.329"/>
</kw>
<kw name="Sleep" library="BuiltIn">
<arg>1</arg>
<doc>Pauses the test executed for the given time.</doc>
<msg timestamp="20220821 09:39:21.337" level="INFO">Slept 1 second</msg>
<status status="PASS" starttime="20220821 09:39:20.329" endtime="20220821 09:39:21.337"/>
</kw>
<kw name="Wait Until Element Is Visible" library="SeleniumLibrary">
<arg>xpath: //span[@class="title"]</arg>
<doc>Waits until the element ``locator`` is visible.</doc>
<status status="PASS" starttime="20220821 09:39:21.337" endtime="20220821 09:39:21.352"/>
</kw>
<kw name="Sleep" library="BuiltIn">
<arg>1</arg>
<doc>Pauses the test executed for the given time.</doc>
<msg timestamp="20220821 09:39:22.368" level="INFO">Slept 1 second</msg>
<status status="PASS" starttime="20220821 09:39:21.352" endtime="20220821 09:39:22.368"/>
</kw>
<kw name="Input Text" library="SeleniumLibrary">
<arg>id:first-name</arg>
<arg>Тест_имя</arg>
<doc>Types the given ``text`` into the text field identified by ``locator``.</doc>
<msg timestamp="20220821 09:39:22.368" level="INFO">Typing text 'Тест_имя' into text field 'id:first-name'.</msg>
<status status="PASS" starttime="20220821 09:39:22.368" endtime="20220821 09:39:22.429"/>
</kw>
<kw name="Sleep" library="BuiltIn">
<arg>1</arg>
<doc>Pauses the test executed for the given time.</doc>
<msg timestamp="20220821 09:39:23.433" level="INFO">Slept 1 second</msg>
<status status="PASS" starttime="20220821 09:39:22.429" endtime="20220821 09:39:23.433"/>
</kw>
<kw name="Input Text" library="SeleniumLibrary">
<arg>id:last-name</arg>
<arg>Тест_фамилия</arg>
<doc>Types the given ``text`` into the text field identified by ``locator``.</doc>
<msg timestamp="20220821 09:39:23.436" level="INFO">Typing text 'Тест_фамилия' into text field 'id:last-name'.</msg>
<status status="PASS" starttime="20220821 09:39:23.435" endtime="20220821 09:39:23.525"/>
</kw>
<kw name="Sleep" library="BuiltIn">
<arg>1</arg>
<doc>Pauses the test executed for the given time.</doc>
<msg timestamp="20220821 09:39:24.526" level="INFO">Slept 1 second</msg>
<status status="PASS" starttime="20220821 09:39:23.525" endtime="20220821 09:39:24.527"/>
</kw>
<kw name="Input Text" library="SeleniumLibrary">
<arg>id:postal-code</arg>
<arg>31400</arg>
<doc>Types the given ``text`` into the text field identified by ``locator``.</doc>
<msg timestamp="20220821 09:39:24.529" level="INFO">Typing text '31400' into text field 'id:postal-code'.</msg>
<status status="PASS" starttime="20220821 09:39:24.528" endtime="20220821 09:39:24.591"/>
</kw>
<kw name="Sleep" library="BuiltIn">
<arg>1</arg>
<doc>Pauses the test executed for the given time.</doc>
<msg timestamp="20220821 09:39:25.602" level="INFO">Slept 1 second</msg>
<status status="PASS" starttime="20220821 09:39:24.591" endtime="20220821 09:39:25.602"/>
</kw>
<kw name="Click Button" library="SeleniumLibrary">
<arg>id:continue</arg>
<doc>Clicks the button identified by ``locator``.</doc>
<msg timestamp="20220821 09:39:25.603" level="INFO">Clicking button 'id:continue'.</msg>
<status status="PASS" starttime="20220821 09:39:25.603" endtime="20220821 09:39:25.642"/>
</kw>
<kw name="Sleep" library="BuiltIn">
<arg>1</arg>
<doc>Pauses the test executed for the given time.</doc>
<msg timestamp="20220821 09:39:26.651" level="INFO">Slept 1 second</msg>
<status status="PASS" starttime="20220821 09:39:25.642" endtime="20220821 09:39:26.651"/>
</kw>
<kw name="Wait Until Element Is Visible" library="SeleniumLibrary">
<arg>xpath: //span[@class="title"]</arg>
<doc>Waits until the element ``locator`` is visible.</doc>
<status status="PASS" starttime="20220821 09:39:26.651" endtime="20220821 09:39:26.663"/>
</kw>
<kw name="Sleep" library="BuiltIn">
<arg>1</arg>
<doc>Pauses the test executed for the given time.</doc>
<msg timestamp="20220821 09:39:27.670" level="INFO">Slept 1 second</msg>
<status status="PASS" starttime="20220821 09:39:26.664" endtime="20220821 09:39:27.670"/>
</kw>
<kw name="Wait Until Element Is Visible" library="SeleniumLibrary">
<arg>xpath: //div[@class="summary_info"]/div[1]</arg>
<doc>Waits until the element ``locator`` is visible.</doc>
<status status="PASS" starttime="20220821 09:39:27.670" endtime="20220821 09:39:27.684"/>
</kw>
<kw name="Sleep" library="BuiltIn">
<arg>1</arg>
<doc>Pauses the test executed for the given time.</doc>
<msg timestamp="20220821 09:39:28.698" level="INFO">Slept 1 second</msg>
<status status="PASS" starttime="20220821 09:39:27.684" endtime="20220821 09:39:28.698"/>
</kw>
<kw name="Wait Until Element Is Visible" library="SeleniumLibrary">
<arg>xpath: //div[@class="summary_info"]/div[2]</arg>
<doc>Waits until the element ``locator`` is visible.</doc>
<status status="PASS" starttime="20220821 09:39:28.698" endtime="20220821 09:39:28.710"/>
</kw>
<kw name="Sleep" library="BuiltIn">
<arg>1</arg>
<doc>Pauses the test executed for the given time.</doc>
<msg timestamp="20220821 09:39:29.714" level="INFO">Slept 1 second</msg>
<status status="PASS" starttime="20220821 09:39:28.711" endtime="20220821 09:39:29.714"/>
</kw>
<kw name="Wait Until Element Is Visible" library="SeleniumLibrary">
<arg>xpath: //div[@class="summary_info"]/div[3]</arg>
<doc>Waits until the element ``locator`` is visible.</doc>
<status status="PASS" starttime="20220821 09:39:29.714" endtime="20220821 09:39:29.726"/>
</kw>
<kw name="Sleep" library="BuiltIn">
<arg>1</arg>
<doc>Pauses the test executed for the given time.</doc>
<msg timestamp="20220821 09:39:30.742" level="INFO">Slept 1 second</msg>
<status status="PASS" starttime="20220821 09:39:29.727" endtime="20220821 09:39:30.742"/>
</kw>
<kw name="Click Button" library="SeleniumLibrary">
<arg>id:finish</arg>
<doc>Clicks the button identified by ``locator``.</doc>
<msg timestamp="20220821 09:39:30.742" level="INFO">Clicking button 'id:finish'.</msg>
<status status="PASS" starttime="20220821 09:39:30.742" endtime="20220821 09:39:30.780"/>
</kw>
<kw name="Wait Until Element Is Visible" library="SeleniumLibrary">
<arg>xpath://img[@class="pony_express"]</arg>
<doc>Waits until the element ``locator`` is visible.</doc>
<status status="PASS" starttime="20220821 09:39:30.780" endtime="20220821 09:39:30.794"/>
</kw>
<kw name="Click Button" library="SeleniumLibrary">
<arg>id:back-to-products</arg>
<doc>Clicks the button identified by ``locator``.</doc>
<msg timestamp="20220821 09:39:30.794" level="INFO">Clicking button 'id:back-to-products'.</msg>
<status status="PASS" starttime="20220821 09:39:30.794" endtime="20220821 09:39:30.832"/>
</kw>
<kw name="Sleep" library="BuiltIn">
<arg>1</arg>
<doc>Pauses the test executed for the given time.</doc>
<msg timestamp="20220821 09:39:31.843" level="INFO">Slept 1 second</msg>
<status status="PASS" starttime="20220821 09:39:30.832" endtime="20220821 09:39:31.843"/>
</kw>
<kw name="Close Browser" library="SeleniumLibrary" type="TEARDOWN">
<doc>Closes the current browser.</doc>
<status status="PASS" starttime="20220821 09:39:31.844" endtime="20220821 09:39:33.930"/>
</kw>
<status status="PASS" starttime="20220821 09:39:09.066" endtime="20220821 09:39:33.930"/>
</test>
<status status="PASS" starttime="20220821 09:39:08.888" endtime="20220821 09:39:33.932"/>
</suite>
<statistics>
<total>
<stat pass="1" fail="0" skip="0">All Tests</stat>
</total>
<tag>
</tag>
<suite>
<stat pass="1" fail="0" skip="0" id="s1" name="Buying Item From Shopping Cart">Buying Item From Shopping Cart</stat>
</suite>
</statistics>
<errors>
</errors>
</robot>
